<?xml version="1.0" encoding="UTF-8"?>
<!-- Generated by org.testng.reporters.JUnitReportReporter -->
<testsuite hostname="SeenaReddy" failures="0" tests="1" name="com.TestScenarios.TC001_SimpleGetTest" time="1.727" errors="0" timestamp="2025-07-11T21:05:54 MDT" skipped="0">
  <testcase classname="com.TestScenarios.TC001_SimpleGetTest" name="GetWeatherDetails" time="1.727"/>
</testsuite> <!-- com.TestScenarios.TC001_SimpleGetTest -->
