<?xml version="1.0" encoding="UTF-8"?>
<!-- Generated by org.testng.reporters.JUnitReportReporter -->
<testsuite hostname="SeenaReddy" failures="0" tests="1" name="com.TestScenarios.TC011_DELETE" time="2.510" errors="0" timestamp="2025-07-11T21:27:23 MDT" skipped="0">
  <testcase classname="com.TestScenarios.TC011_DELETE" name="deleteEmpRecord" time="2.510"/>
</testsuite> <!-- com.TestScenarios.TC011_DELETE -->
