<?xml version="1.0" encoding="UTF-8"?>
<!-- Generated by org.testng.reporters.JUnitReportReporter -->
<testsuite hostname="SeenaReddy" failures="0" tests="1" name="com.TestScenarios.TC001_SimpleGetTest2" time="3.115" errors="0" timestamp="2025-06-18T20:09:05 MDT" skipped="0">
  <testcase classname="com.TestScenarios.TC001_SimpleGetTest2" name="GetWeatherDetails" time="3.115"/>
</testsuite> <!-- com.TestScenarios.TC001_SimpleGetTest2 -->
