<?xml version="1.0" encoding="UTF-8"?>
<!-- Generated by org.testng.reporters.JUnitReportReporter -->
<testsuite hostname="SeenaReddy" failures="0" tests="1" name="com.TestScenarios.TC009_POST_RequestUsingRestAssured" time="3.559" errors="0" timestamp="2025-07-11T21:31:01 MDT" skipped="0">
  <testcase classname="com.TestScenarios.TC009_POST_RequestUsingRestAssured" name="RegistrationSuccessful" time="3.559"/>
</testsuite> <!-- com.TestScenarios.TC009_POST_RequestUsingRestAssured -->
