<?xml version="1.0" encoding="UTF-8"?>
<!-- Generated by org.testng.reporters.JUnitReportReporter -->
<testsuite hostname="SeenaReddy" failures="0" tests="1" name="com.TestScenarios.TC010_PUT_PATCH" time="2.266" errors="0" timestamp="2025-07-11T21:32:09 MDT" skipped="0">
  <testcase classname="com.TestScenarios.TC010_PUT_PATCH" name="UpdateRecords" time="2.266"/>
</testsuite> <!-- com.TestScenarios.TC010_PUT_PATCH -->
